<?xml version="1.0" encoding="UTF-8"?>
<Site BuildName="Linux-g++"
	BuildStamp="20240419-0217-Experimental"
	Name="idealrender-IdeaPad-3-15IML05"
	Generator="ctest-3.22.1"
	CompilerName="/usr/bin/g++"
	CompilerVersion="11.4.0"
	OSName="Linux"
	Hostname="idealrender-IdeaPad-3-15IML05"
	OSRelease="6.5.0-27-generic"
	OSVersion="#28~22.04.1-Ubuntu SMP PREEMPT_DYNAMIC Fri Mar 15 10:51:06 UTC 2"
	OSPlatform="x86_64"
	Is64Bits="1"
	VendorString="GenuineIntel"
	VendorID="Intel Corporation"
	FamilyID="6"
	ModelID="142"
	ProcessorCacheSize="4096"
	NumberOfLogicalCPU="4"
	NumberOfPhysicalCPU="2"
	TotalVirtualMemory="4169"
	TotalPhysicalMemory="3648"
	LogicalProcessorsPerPhysical="2"
	ProcessorClockFrequency="3495.44"
	>
	<Testing>
		<StartDateTime>Apr 19 00:25 -03</StartDateTime>
		<StartTestTime>1713497157</StartTestTime>
		<TestList/>
		<EndDateTime>Apr 19 00:25 -03</EndDateTime>
		<EndTestTime>1713497157</EndTestTime>
		<ElapsedMinutes>0</ElapsedMinutes>
	</Testing>
</Site>
